Inventory1.1/build/outputs/logs/manifest-merger-debug-report.txt
-- Merging decision tree log ---
manifest
ADDED from inventory\Inventory1.1\AndroidManifest.xml:2:1-133:12
	package
		ADDED from inventory\Inventory1.1\AndroidManifest.xml:3:5-32
	android:versionName
		ADDED from inventory\Inventory1.1\AndroidManifest.xml:5:5-30
		INJECTED from inventory\Inventory1.1\AndroidManifest.xml
		INJECTED from inventory\Inventory1.1\AndroidManifest.xml
	android:versionCode
		ADDED from inventory\Inventory1.1\AndroidManifest.xml:4:5-28
		INJECTED from inventory\Inventory1.1\AndroidManifest.xml
		INJECTED from inventory\Inventory1.1\AndroidManifest.xml
	xmlns:android
		ADDED from inventory\Inventory1.1\AndroidManifest.xml:2:11-69
uses-sdk
ADDED from inventory\Inventory1.1\AndroidManifest.xml:7:5-9:41
	android:targetSdkVersion
		ADDED from inventory\Inventory1.1\AndroidManifest.xml:9:9-38
		INJECTED from inventory\Inventory1.1\AndroidManifest.xml
		INJECTED from inventory\Inventory1.1\AndroidManifest.xml
	android:minSdkVersion
		ADDED from inventory\Inventory1.1\AndroidManifest.xml:8:9-34
		INJECTED from inventory\Inventory1.1\AndroidManifest.xml
		INJECTED from inventory\Inventory1.1\AndroidManifest.xml
uses-permission#android.permission.READ_EXTERNAL_STORAGE
ADDED from inventory\Inventory1.1\AndroidManifest.xml:11:5-80
	android:name
		ADDED from inventory\Inventory1.1\AndroidManifest.xml:11:22-77
uses-permission#android.permission.WRITE_EXTERNAL_STORAGE
ADDED from inventory\Inventory1.1\AndroidManifest.xml:12:5-81
	android:name
		ADDED from inventory\Inventory1.1\AndroidManifest.xml:12:22-78
uses-permission#android.permission.CAMERA
ADDED from inventory\Inventory1.1\AndroidManifest.xml:13:5-65
	android:name
		ADDED from inventory\Inventory1.1\AndroidManifest.xml:13:22-62
uses-feature#android.hardware.camera
ADDED from inventory\Inventory1.1\AndroidManifest.xml:15:5-17:36
	android:required
		ADDED from inventory\Inventory1.1\AndroidManifest.xml:17:9-33
	android:name
		ADDED from inventory\Inventory1.1\AndroidManifest.xml:16:9-47
uses-permission#android.permission.ACCESS_NETWORK_STATE
ADDED from inventory\Inventory1.1\AndroidManifest.xml:20:5-79
	android:name
		ADDED from inventory\Inventory1.1\AndroidManifest.xml:20:22-76
uses-permission#android.permission.INTERNET
ADDED from inventory\Inventory1.1\AndroidManifest.xml:22:5-67
	android:name
		ADDED from inventory\Inventory1.1\AndroidManifest.xml:22:22-64
uses-permission#android.permission.GET_ACCOUNTS
ADDED from inventory\Inventory1.1\AndroidManifest.xml:25:5-71
	android:name
		ADDED from inventory\Inventory1.1\AndroidManifest.xml:25:22-68
uses-permission#android.permission.WAKE_LOCK
ADDED from inventory\Inventory1.1\AndroidManifest.xml:29:5-68
	android:name
		ADDED from inventory\Inventory1.1\AndroidManifest.xml:29:22-65
permission#com.inventory.permission.C2D_MESSAGE
ADDED from inventory\Inventory1.1\AndroidManifest.xml:32:5-34:47
	android:protectionLevel
		ADDED from inventory\Inventory1.1\AndroidManifest.xml:34:9-44
	android:name
		ADDED from inventory\Inventory1.1\AndroidManifest.xml:33:9-60
uses-permission#com.inventory.permission.C2D_MESSAGE
ADDED from inventory\Inventory1.1\AndroidManifest.xml:36:5-38:47
	android:protectionLevel
		ADDED from inventory\Inventory1.1\AndroidManifest.xml:38:9-44
	android:name
		ADDED from inventory\Inventory1.1\AndroidManifest.xml:37:9-60
uses-permission#com.google.android.c2dm.permission.RECEIVE
ADDED from inventory\Inventory1.1\AndroidManifest.xml:41:5-82
	android:name
		ADDED from inventory\Inventory1.1\AndroidManifest.xml:41:22-79
application
ADDED from inventory\Inventory1.1\AndroidManifest.xml:50:5-131:19
	android:label
		ADDED from inventory\Inventory1.1\AndroidManifest.xml:55:9-41
	android:hardwareAccelerated
		ADDED from inventory\Inventory1.1\AndroidManifest.xml:54:9-43
	android:allowBackup
		ADDED from inventory\Inventory1.1\AndroidManifest.xml:53:9-35
	android:icon
		ADDED from inventory\Inventory1.1\AndroidManifest.xml:51:9-45
	android:largeHeap
		ADDED from inventory\Inventory1.1\AndroidManifest.xml:56:9-33
	android:theme
		ADDED from inventory\Inventory1.1\AndroidManifest.xml:57:9-73
	android:name
		ADDED from inventory\Inventory1.1\AndroidManifest.xml:52:9-35
activity#com.inventory.cis.MainActivity
ADDED from inventory\Inventory1.1\AndroidManifest.xml:58:9-69:20
	android:screenOrientation
		ADDED from inventory\Inventory1.1\AndroidManifest.xml:62:13-49
	android:label
		ADDED from inventory\Inventory1.1\AndroidManifest.xml:61:13-45
	android:configChanges
		ADDED from inventory\Inventory1.1\AndroidManifest.xml:60:13-63
	android:theme
		ADDED from inventory\Inventory1.1\AndroidManifest.xml:63:13-60
	android:name
		ADDED from inventory\Inventory1.1\AndroidManifest.xml:59:13-41
intent-filter#android.intent.action.MAIN+android.intent.category.LAUNCHER
ADDED from inventory\Inventory1.1\AndroidManifest.xml:64:13-68:29
action#android.intent.action.MAIN
ADDED from inventory\Inventory1.1\AndroidManifest.xml:65:17-69
	android:name
		ADDED from inventory\Inventory1.1\AndroidManifest.xml:65:25-66
category#android.intent.category.LAUNCHER
ADDED from inventory\Inventory1.1\AndroidManifest.xml:67:17-77
	android:name
		ADDED from inventory\Inventory1.1\AndroidManifest.xml:67:27-74
activity#com.inventory.cis.LoginActivity
ADDED from inventory\Inventory1.1\AndroidManifest.xml:70:9-76:57
	android:screenOrientation
		ADDED from inventory\Inventory1.1\AndroidManifest.xml:74:13-49
	android:label
		ADDED from inventory\Inventory1.1\AndroidManifest.xml:73:13-45
	android:windowSoftInputMode
		ADDED from inventory\Inventory1.1\AndroidManifest.xml:76:13-54
	android:configChanges
		ADDED from inventory\Inventory1.1\AndroidManifest.xml:72:13-63
	android:theme
		ADDED from inventory\Inventory1.1\AndroidManifest.xml:75:13-60
	android:name
		ADDED from inventory\Inventory1.1\AndroidManifest.xml:71:13-42
activity#com.inventory.cis.ConfirmActivity
ADDED from inventory\Inventory1.1\AndroidManifest.xml:78:9-83:62
	android:screenOrientation
		ADDED from inventory\Inventory1.1\AndroidManifest.xml:82:13-49
	android:label
		ADDED from inventory\Inventory1.1\AndroidManifest.xml:81:13-45
	android:configChanges
		ADDED from inventory\Inventory1.1\AndroidManifest.xml:80:13-63
	android:theme
		ADDED from inventory\Inventory1.1\AndroidManifest.xml:83:13-60
	android:name
		ADDED from inventory\Inventory1.1\AndroidManifest.xml:79:13-44
activity#com.inventory.cis.homeActivity
ADDED from inventory\Inventory1.1\AndroidManifest.xml:85:9-90:63
	android:screenOrientation
		ADDED from inventory\Inventory1.1\AndroidManifest.xml:89:13-49
	android:label
		ADDED from inventory\Inventory1.1\AndroidManifest.xml:88:13-45
	android:configChanges
		ADDED from inventory\Inventory1.1\AndroidManifest.xml:87:13-63
	android:theme
		ADDED from inventory\Inventory1.1\AndroidManifest.xml:90:13-60
	android:name
		ADDED from inventory\Inventory1.1\AndroidManifest.xml:86:13-41
activity#com.inventory.cis.ViewInventoryActicity
ADDED from inventory\Inventory1.1\AndroidManifest.xml:91:9-96:69
	android:screenOrientation
		ADDED from inventory\Inventory1.1\AndroidManifest.xml:95:13-49
	android:label
		ADDED from inventory\Inventory1.1\AndroidManifest.xml:94:13-45
	android:configChanges
		ADDED from inventory\Inventory1.1\AndroidManifest.xml:93:13-63
	android:theme
		ADDED from inventory\Inventory1.1\AndroidManifest.xml:96:13-66
	android:name
		ADDED from inventory\Inventory1.1\AndroidManifest.xml:92:13-50
activity#com.inventory.cis.ViewDetailInventoryActivity
ADDED from inventory\Inventory1.1\AndroidManifest.xml:97:9-102:68
	android:screenOrientation
		ADDED from inventory\Inventory1.1\AndroidManifest.xml:101:13-49
	android:label
		ADDED from inventory\Inventory1.1\AndroidManifest.xml:100:13-45
	android:configChanges
		ADDED from inventory\Inventory1.1\AndroidManifest.xml:99:13-63
	android:theme
		ADDED from inventory\Inventory1.1\AndroidManifest.xml:102:13-66
	android:name
		ADDED from inventory\Inventory1.1\AndroidManifest.xml:98:13-56
activity#com.inventory.cis.AddInventoryActivity
ADDED from inventory\Inventory1.1\AndroidManifest.xml:103:9-109:57
	android:screenOrientation
		ADDED from inventory\Inventory1.1\AndroidManifest.xml:107:13-49
	android:label
		ADDED from inventory\Inventory1.1\AndroidManifest.xml:106:13-45
	android:windowSoftInputMode
		ADDED from inventory\Inventory1.1\AndroidManifest.xml:109:13-54
	android:configChanges
		ADDED from inventory\Inventory1.1\AndroidManifest.xml:105:13-63
	android:theme
		ADDED from inventory\Inventory1.1\AndroidManifest.xml:108:13-66
	android:name
		ADDED from inventory\Inventory1.1\AndroidManifest.xml:104:13-49
receiver#com.google.android.gcm.GCMBroadcastReceiver
ADDED from inventory\Inventory1.1\AndroidManifest.xml:112:9-124:20
	android:permission
		ADDED from inventory\Inventory1.1\AndroidManifest.xml:114:13-73
	android:name
		ADDED from inventory\Inventory1.1\AndroidManifest.xml:113:13-71
intent-filter#com.google.android.c2dm.intent.RECEIVE+com.google.android.c2dm.intent.REGISTRATION+com.inventory
ADDED from inventory\Inventory1.1\AndroidManifest.xml:115:13-123:29
action#com.google.android.c2dm.intent.RECEIVE
ADDED from inventory\Inventory1.1\AndroidManifest.xml:118:17-81
	android:name
		ADDED from inventory\Inventory1.1\AndroidManifest.xml:118:25-78
action#com.google.android.c2dm.intent.REGISTRATION
ADDED from inventory\Inventory1.1\AndroidManifest.xml:120:17-86
	android:name
		ADDED from inventory\Inventory1.1\AndroidManifest.xml:120:25-83
category#com.inventory
ADDED from inventory\Inventory1.1\AndroidManifest.xml:122:17-58
	android:name
		ADDED from inventory\Inventory1.1\AndroidManifest.xml:122:27-55
meta-data#io.fabric.ApiKey
ADDED from inventory\Inventory1.1\AndroidManifest.xml:126:9-128:72
	android:value
		ADDED from inventory\Inventory1.1\AndroidManifest.xml:128:13-69
	android:name
		ADDED from inventory\Inventory1.1\AndroidManifest.xml:127:13-44